18:54:51:990905|0035-00001:PSH::Tinfo UTCOffset {+05:30}
18:54:51:990939|0063-00001:JAVA::PropertyName [java.version] PropertyValue [17.0.12]
18:54:51:990946|0073-00001:JAVA::PropertyName [java.vendor] PropertyValue [Oracle Corporation]
18:54:51:990951|0083-00001:JAVA::PropertyName [java.vendor.url] PropertyValue [https://java.oracle.com/]
18:54:51:990955|0081-00001:JAVA::PropertyName [java.home] PropertyValue [C:\Program Files\Java\jdk-17]
18:54:51:990959|0075-00001:JAVA::PropertyName [java.vm.specification.version] PropertyValue [17]
18:54:51:990962|0090-00001:JAVA::PropertyName [java.vm.specification.vendor] PropertyValue [Oracle Corporation]
18:54:51:990966|0104-00001:JAVA::PropertyName [java.vm.specification.name] PropertyValue [Java Virtual Machine Specification]
18:54:51:990969|0076-00001:JAVA::PropertyName [java.vm.version] PropertyValue [17.0.12+8-LTS-286]
18:54:51:990972|0076-00001:JAVA::PropertyName [java.vm.vendor] PropertyValue [Oracle Corporation]
18:54:51:990976|0089-00001:JAVA::PropertyName [java.vm.name] PropertyValue [Java HotSpot(TM) 64-Bit Server VM]
18:54:51:990979|0072-00001:JAVA::PropertyName [java.specification.version] PropertyValue [17]
18:54:51:990982|0087-00001:JAVA::PropertyName [java.specification.vendor] PropertyValue [Oracle Corporation]
18:54:51:990986|0098-00001:JAVA::PropertyName [java.specification.name] PropertyValue [Java Platform API Specification]
18:54:51:990989|0066-00001:JAVA::PropertyName [java.class.version] PropertyValue [61.0]
18:54:51:990998|9672-00001:JAVA::PropertyName [java.class.path] PropertyValue [C:\Users\avirat.sharma\OneDrive - ION\Desktop\Work\ION_2.0_Prac\LDP-2025\LDP-20225-project\target\classes;C:\Users\avirat.sharma\.m2\repository\com\iontrading\isf\modules\4.0.2\modules-4.0.2.jar;C:\Users\avirat.sharma\.m2\repository\com\iontrading\isf\modules_annotations\4.0.2\modules_annotations-4.0.2.jar;C:\Users\avirat.sharma\.m2\repository\com\google\inject\guice\7.0.0\guice-7.0.0.jar;C:\Users\avirat.sharma\.m2\repository\jakarta\inject\jakarta.inject-api\2.0.1\jakarta.inject-api-2.0.1.jar;C:\Users\avirat.sharma\.m2\repository\aopalliance\aopalliance\1.0\aopalliance-1.0.jar;C:\Users\avirat.sharma\.m2\repository\com\iontrading\cat\proguard_annotations\0.0.2\proguard_annotations-0.0.2.jar;C:\Users\avirat.sharma\.m2\repository\com\iontrading\isf\boot\4.0.2\boot-4.0.2.jar;C:\Users\avirat.sharma\.m2\repository\com\fasterxml\jackson\core\jackson-databind\2.17.2\jackson-databind-2.17.2.jar;C:\Users\avirat.sharma\.m2\repository\com\fasterxml\jackson\core\jackson-annotations\2.17.2\jackson-annotations-2.17.2.jar;C:\Users\avirat.sharma\.m2\repository\com\fasterxml\jackson\datatype\jackson-datatype-jsr310\2.17.2\jackson-datatype-jsr310-2.17.2.jar;C:\Users\avirat.sharma\.m2\repository\com\iontrading\isf\configuration_core\4.0.2\configuration_core-4.0.2.jar;C:\Users\avirat.sharma\.m2\repository\com\iontrading\xrs\xrs_lib\4.0.2\xrs_lib-4.0.2.jar;C:\Users\avirat.sharma\.m2\repository\com\iontrading\expr_parser\4.0.2\expr_parser-4.0.2.jar;C:\Users\avirat.sharma\.m2\repository\com\iontrading\mkv_wrappers\4.0.2\mkv_wrappers-4.0.2.jar;C:\Users\avirat.sharma\.m2\repository\com\iontrading\jmkv\1.6.8-p8d7\jmkv-1.6.8-p8d7.jar;C:\Users\avirat.sharma\.m2\repository\org\json\json\20231013\json-20231013.jar;C:\Users\avirat.sharma\.m2\repository\com\iontrading\jmix\jmix_logging\4.0.2\jmix_logging-4.0.2.jar;C:\Users\avirat.sharma\.m2\repository\com\iontrading\jmix\jmix_platform\4.0.2\jmix_platform-4.0.2.jar;C:\Users\avirat.sharma\.m2\repository\com\iontrading\isf\mapping\4.0.2\mapping-4.0.2.jar;C:\Users\avirat.sharma\.m2\repository\com\iontrading\isf\ion20-platform\4.0.2\ion20-platform-4.0.2.jar;C:\Users\avirat.sharma\.m2\repository\com\iontrading\cat\commons-jmkv\4.0.2\commons-jmkv-4.0.2.jar;C:\Users\avirat.sharma\.m2\repository\org\apache\commons\commons-lang3\3.17.0\commons-lang3-3.17.0.jar;C:\Users\avirat.sharma\.m2\repository\com\iontrading\cat\bigqueue\4.0.0\bigqueue-4.0.0.jar;C:\Users\avirat.sharma\.m2\repository\com\iontrading\isf\statistics_monitoring\4.0.2\statistics_monitoring-4.0.2.jar;C:\Users\avirat.sharma\.m2\repository\com\iontrading\isf\xrs_talk_helper\4.0.2\xrs_talk_helper-4.0.2.jar;C:\Users\avirat.sharma\.m2\repository\com\iontrading\isf\commons\4.0.2\commons-4.0.2.jar;C:\Users\avirat.sharma\.m2\repository\com\iontrading\isf\persistence\4.0.2\persistence-4.0.2.jar;C:\Users\avirat.sharma\.m2\repository\com\iontrading\jmix\jmix_persistence\4.0.2\jmix_persistence-4.0.2.jar;C:\Users\avirat.sharma\.m2\repository\org\hibernate\orm\hibernate-c3p0\6.4.4.Final\hibernate-c3p0-6.4.4.Final.jar;C:\Users\avirat.sharma\.m2\repository\org\jboss\logging\jboss-logging\3.5.0.Final\jboss-logging-3.5.0.Final.jar;C:\Users\avirat.sharma\.m2\repository\com\mchange\c3p0\0.9.5.5\c3p0-0.9.5.5.jar;C:\Users\avirat.sharma\.m2\repository\com\mchange\mchange-commons-java\0.2.19\mchange-commons-java-0.2.19.jar;C:\Users\avirat.sharma\.m2\repository\org\hibernate\orm\hibernate-core\6.4.4.Final\hibernate-core-6.4.4.Final.jar;C:\Users\avirat.sharma\.m2\repository\jakarta\transaction\jakarta.transaction-api\2.0.1\jakarta.transaction-api-2.0.1.jar;C:\Users\avirat.sharma\.m2\repository\org\hibernate\common\hibernate-commons-annotations\6.0.6.Final\hibernate-commons-annotations-6.0.6.Final.jar;C:\Users\avirat.sharma\.m2\repository\io\smallrye\jandex\3.1.2\jandex-3.1.2.jar;C:\Users\avirat.sharma\.m2\repository\com\fasterxml\classmate\1.5.1\classmate-1.5.1.jar;C:\Users\avirat.sharma\.m2\repository\net\bytebuddy\byte-buddy\1.14.11\byte-buddy-1.14.11.jar;C:\Users\avirat.sharma\.m2\repository\jakarta\xml\bind\jakarta.xml.bind-api\4.0.0\jakarta.xml.bind-api-4.0.0.jar;C:\Users\avirat.sharma\.m2\repository\jakarta\activation\jakarta.activation-api\2.1.0\jakarta.activation-api-2.1.0.jar;C:\Users\avirat.sharma\.m2\repository\org\glassfish\jaxb\jaxb-runtime\4.0.2\jaxb-runtime-4.0.2.jar;C:\Users\avirat.sharma\.m2\repository\org\glassfish\jaxb\jaxb-core\4.0.2\jaxb-core-4.0.2.jar;C:\Users\avirat.sharma\.m2\repository\org\eclipse\angus\angus-activation\2.0.0\angus-activation-2.0.0.jar;C:\Users\avirat.sharma\.m2\repository\org\glassfish\jaxb\txw2\4.0.2\txw2-4.0.2.jar;C:\Users\avirat.sharma\.m2\repository\com\sun\istack\istack-commons-runtime\4.1.1\istack-commons-runtime-4.1.1.jar;C:\Users\avirat.sharma\.m2\repository\org\antlr\antlr4-runtime\4.13.0\antlr4-runtime-4.13.0.jar;C:\Users\avirat.sharma\.m2\repository\com\iontrading\talk\talk.api\4.0.2\talk.api-4.0.2.jar;C:\Users\avirat.sharma\.m2\repository\com\iontrading\isf\repository\4.0.2\repository-4.0.2.jar;C:\Users\avirat.sharma\.m2\repository\com\iontrading\talk\talk.metadata\4.0.2\talk.metadata-4.0.2.jar;C:\Users\avirat.sharma\.m2\repository\com\iontrading\talk\talk.metadata.api\4.0.2\talk.metadata.api-4.0.2.jar;C:\Users\avirat.sharma\.m2\repository\com\iontrading\talk\talk.common\4.0.2\talk.common-4.0.2.jar;C:\Users\avirat.sharma\.m2\repository\com\iontrading\talk\talk.convert\4.0.2\talk.convert-4.0.2.jar;C:\Users\avirat.sharma\.m2\repository\com\iontrading\isf\ion20-xrs_lib_tools\4.0.2\ion20-xrs_lib_tools-4.0.2.jar;C:\Users\avirat.sharma\.m2\repository\com\iontrading\isf\persistence_notification\4.0.2\persistence_notification-4.0.2.jar;C:\Users\avirat.sharma\.m2\repository\com\iontrading\isf\ion20-ape\4.0.2\ion20-ape-4.0.2.jar;C:\Users\avirat.sharma\.m2\repository\jakarta\persistence\jakarta.persistence-api\3.1.0\jakarta.persistence-api-3.1.0.jar;C:\Users\avirat.sharma\.m2\repository\com\iontrading\cat\ddm\4.0.2\ddm-4.0.2.jar;C:\Users\avirat.sharma\.m2\repository\jakarta\annotation\jakarta.annotation-api\2.1.1\jakarta.annotation-api-2.1.1.jar;C:\Users\avirat.sharma\.m2\repository\com\google\inject\extensions\guice-assistedinject\7.0.0\guice-assistedinject-7.0.0.jar;C:\Users\avirat.sharma\.m2\repository\com\google\errorprone\error_prone_annotations\2.18.0\error_prone_annotations-2.18.0.jar;C:\Users\avirat.sharma\.m2\repository\org\apache\commons\commons-text\1.12.0\commons-text-1.12.0.jar;C:\Users\avirat.sharma\.m2\repository\com\iontrading\isf\xrs_paging_helper\4.0.2\xrs_paging_helper-4.0.2.jar;C:\Users\avirat.sharma\.m2\repository\com\iontrading\isf\application_server\4.0.2\application_server-4.0.2.jar;C:\Users\avirat.sharma\.m2\repository\com\iontrading\isf\as_plugin_api\4.0.2\as_plugin_api-4.0.2.jar;C:\Users\avirat.sharma\.m2\repository\com\iontrading\isf\service_manager\4.0.2\service_manager-4.0.2.jar;C:\Users\avirat.sharma\.m2\repository\com\iontrading\cat\insight\4.0.2\insight-4.0.2.jar;C:\Users\avirat.sharma\.m2\repository\org\apache\commons\commons-math3\3.6.1\commons-math3-3.6.1.jar;C:\Users\avirat.sharma\.m2\repository\com\fasterxml\jackson\core\jackson-core\2.17.2\jackson-core-2.17.2.jar;C:\Users\avirat.sharma\.m2\repository\com\iontrading\isf\dependency_manager\4.0.2\dependency_manager-4.0.2.jar;C:\Users\avirat.sharma\.m2\repository\com\iontrading\talk\talk.ionbus\4.0.2\talk.ionbus-4.0.2.jar;C:\Users\avirat.sharma\.m2\repository\com\iontrading\isf\commons-bus\4.0.2\commons-bus-4.0.2.jar;C:\Users\avirat.sharma\.m2\repository\com\google\guava\guava\33.3.0-jre\guava-33.3.0-jre.jar;C:\Users\avirat.sharma\.m2\repository\com\google\guava\failureaccess\1.0.2\failureaccess-1.0.2.jar;C:\Users\avirat.sharma\.m2\repository\com\google\guava\listenablefuture\9999.0-empty-to-avoid-conflict-with-guava\listenablefuture-9999.0-empty-to-avoid-conflict-with-guava.jar;C:\Users\avirat.sharma\.m2\repository\com\google\code\findbugs\jsr305\3.0.1\jsr305-3.0.1.jar;C:\Users\avirat.sharma\.m2\repository\org\checkerframework\checker-qual\3.43.0\checker-qual-3.43.0.jar;C:\Users\avirat.sharma\.m2\repository\com\google\j2objc\j2objc-annotations\3.0.0\j2objc-annotations-3.0.0.jar;C:\Users\avirat.sharma\.m2\repository\com\iontrading\isf\conversion\4.0.2\conversion-4.0.2.jar;C:\Users\avirat.sharma\.m2\repository\com\iontrading\isf\workflow_engine\4.0.2\workflow_engine-4.0.2.jar;C:\Users\avirat.sharma\.m2\repository\org\reflections\reflections\0.10.2\reflections-0.10.2.jar;C:\Users\avirat.sharma\.m2\repository\org\javassist\javassist\3.30.2-GA\javassist-3.30.2-GA.jar;C:\Users\avirat.sharma\.m2\repository\com\iontrading\isf\configuration\4.0.2\configuration-4.0.2.jar;C:\Users\avirat.sharma\.m2\repository\com\iontrading\isf\metadata\4.0.2\metadata-4.0.2.jar;C:\Users\avirat.sharma\.m2\repository\com\iontrading\isf\tracing\4.0.2\tracing-4.0.2.jar;C:\Users\avirat.sharma\.m2\repository\com\iontrading\isf\slf4j-jmkv\4.0.2\slf4j-jmkv-4.0.2.jar;C:\Users\avirat.sharma\.m2\repository\org\slf4j\slf4j-api\2.0.16\slf4j-api-2.0.16.jar;C:\Users\avirat.sharma\.m2\repository\com\iontrading\isf\concurrent\4.0.2\concurrent-4.0.2.jar;C:\Users\avirat.sharma\.m2\repository\commons-io\commons-io\2.17.0\commons-io-2.17.0.jar;C:\Users\avirat.sharma\.m2\repository\com\esotericsoftware\kryo\5.5.0\kryo-5.5.0.jar;C:\Users\avirat.sharma\.m2\repository\com\esotericsoftware\reflectasm\1.11.9\reflectasm-1.11.9.jar;C:\Users\avirat.sharma\.m2\repository\com\esotericsoftware\minlog\1.3.1\minlog-1.3.1.jar;C:\Users\avirat.sharma\.m2\repository\org\objenesis\objenesis\3.3\objenesis-3.3.jar;C:\Users\avirat.sharma\.m2\repository\org\apache\commons\commons-collections4\4.4\commons-collections4-4.4.jar]
18:54:51:991077|1253-00001:JAVA::PropertyName [java.library.path] PropertyValue [C:\Program Files\Java\jdk-17\bin;C:\WINDOWS\Sun\Java\bin;C:\WINDOWS\system32;C:\WINDOWS;C:\Python313\Scripts\;C:\Python313\;C:\Program Files\Common Files\Oracle\Java\javapath;C:\Program Files (x86)\Common Files\Oracle\Java\java8path;C:\Program Files (x86)\Common Files\Oracle\Java\javapath;C:\Program Files\Eclipse Adoptium\jdk-21.0.6.7-hotspot\bin;C:\WINDOWS\system32;C:\WINDOWS;C:\WINDOWS\System32\Wbem;C:\WINDOWS\System32\WindowsPowerShell\v1.0\;C:\WINDOWS\System32\OpenSSH\;C:\Program Files\dotnet\;C:\Program Files\Microsoft VS Code\bin;C:\Program Files\Git\cmd;C:\Program Files\PowerShell\7\;C:\Users\avirat.sharma\OneDrive - ION\Desktop\Work\terraform_1.10.5_windows_amd64\terraform.exe;C:\Program Files\Amazon\AWSCLIV2\;C:\Users\avirat.sharma\OneDrive - ION\Desktop\Work\apache-maven-3.9.9-bin\apache-maven-3.9.9\bin;C:\Program Files\Java\jdk-23\bin;C:\Program Files\nodejs\;C:\ProgramData\chocolatey\bin;C:\Users\avirat.sharma\AppData\Roaming\Python\Python313\Scripts;C:\Users\avirat.sharma\AppData\Local\Microsoft\WindowsApps;C:\Users\avirat.sharma\AppData\Local\GitHubDesktop\bin;C:\Program Files\JetBrains\IntelliJ IDEA 2024.3.2.2\bin;;C:\Users\avirat.sharma\AppData\Roaming\npm;.]
18:54:51:991088|0099-00001:JAVA::PropertyName [java.io.tmpdir] PropertyValue [C:\Users\AVIRAT~1.SHA\AppData\Local\Temp\]
18:54:51:991102|0061-00001:JAVA::PropertyName [java.compiler] PropertyValue [null]
18:54:51:991106|0061-00001:JAVA::PropertyName [java.ext.dirs] PropertyValue [null]
18:54:51:991110|0061-00001:JAVA::PropertyName [os.name] PropertyValue [Windows 11]
18:54:51:991113|0056-00001:JAVA::PropertyName [os.arch] PropertyValue [amd64]
18:54:51:991116|0058-00001:JAVA::PropertyName [os.version] PropertyValue [10.0]
18:54:51:991119|0059-00001:JAVA::PropertyName [file.separator] PropertyValue [\]
18:54:51:991122|0059-00001:JAVA::PropertyName [path.separator] PropertyValue [;]
18:54:51:991125|0060-00001:JAVA::PropertyName [line.separator] PropertyValue [
]
18:54:51:991128|0066-00001:JAVA::PropertyName [user.name] PropertyValue [avirat.sharma]
18:54:51:991131|0075-00001:JAVA::PropertyName [user.home] PropertyValue [C:\Users\avirat.sharma]
18:54:51:991135|0115-00001:JAVA::PropertyName [user.dir] PropertyValue [C:\Users\avirat.sharma\OneDrive - ION\Desktop\Work\ION_2.0_Prac]
18:54:51:991298|0221-00001:JAVA::PropertyName [command_line] PropertyValue [[-javaagent:C:\Program Files\JetBrains\IntelliJ IDEA 2024.3.2.2\lib\idea_rt.jar=57244:C:\Program Files\JetBrains\IntelliJ IDEA 2024.3.2.2\bin, -Dfile.encoding=UTF-8]]
18:54:51:991320|0068-00001:PSH::VarName[eslib.low_load_factor],VarValue[1],Type[3],Desc[]
18:54:51:991336|0076-00001:PSH::VarName[registerclientprotocolversion],VarValue[4],Type[3],Desc[]
18:54:51:991341|0056-00001:PSH::VarName[logsasync],VarValue[1],Type[3],Desc[]
18:54:51:991345|0061-00001:PSH::VarName[logcustomstats],VarValue[1],Type[3],Desc[]
18:54:51:991349|0067-00001:PSH::VarName[publishonlyrecordset],VarValue[0],Type[3],Desc[]
18:54:51:991353|0066-00001:PSH::VarName[CSHOST],VarValue[10.101.130.101],Type[1],Desc[]
18:54:51:991357|0058-00001:PSH::VarName[negtimeout],VarValue[16],Type[3],Desc[]
18:54:51:991361|0063-00001:PSH::VarName[winnative.enable],VarValue[1],Type[3],Desc[]
18:54:51:991364|0063-00001:PSH::VarName[traces.broadcast],VarValue[1],Type[3],Desc[]
18:54:51:991368|0056-00001:PSH::VarName[ent_source],VarValue[],Type[3],Desc[]
18:54:51:991371|0072-00001:PSH::VarName[publish_exclude_originator],VarValue[],Type[3],Desc[]
18:54:51:991375|0053-00001:PSH::VarName[LISTEN],VarValue[0],Type[3],Desc[]
18:54:51:991378|0061-00001:PSH::VarName[publish_include],VarValue[],Type[3],Desc[]
18:54:51:991382|0061-00001:PSH::VarName[drecorderscript],VarValue[],Type[3],Desc[]
18:54:51:991386|0064-00001:PSH::VarName[resolve_hostnames],VarValue[0],Type[3],Desc[]
18:54:51:991390|0058-00001:PSH::VarName[statime_sub],VarValue[1],Type[3],Desc[]
18:54:51:991394|0060-00001:PSH::VarName[dtflowcontrol],VarValue[1],Type[3],Desc[]
18:54:51:991397|0075-00001:PSH::VarName[connection_failure_threshold],VarValue[5],Type[3],Desc[]
18:54:51:991401|0061-00001:PSH::VarName[drecorderextobj],VarValue[],Type[3],Desc[]
18:54:51:991405|0061-00001:PSH::VarName[log_threadname],VarValue[0],Type[3],Desc[]
18:54:51:991408|0067-00001:PSH::VarName[full_unicode_support],VarValue[1],Type[3],Desc[]
18:54:51:991412|0065-00001:PSH::VarName[memoryalert.amber],VarValue[45],Type[3],Desc[]
18:54:51:991416|0055-00001:PSH::VarName[logsdays],VarValue[2],Type[3],Desc[]
18:54:51:991420|0057-00001:PSH::VarName[dtblocking],VarValue[1],Type[3],Desc[]
18:54:51:991424|0090-00001:PSH::VarName[debug.eslib],VarValue[1],Type[3],Desc[Trace for ESLib queries on files]
18:54:51:991428|0056-00001:PSH::VarName[gctrace],VarValue[all],Type[3],Desc[]
18:54:51:991431|0061-00001:PSH::VarName[tcp_buffer],VarValue[65536],Type[3],Desc[]
18:54:51:991435|0059-00001:PSH::VarName[syscomponent],VarValue[0],Type[3],Desc[]
18:54:51:991439|0059-00001:PSH::VarName[MONITOR_PORT],VarValue[0],Type[3],Desc[]
18:54:51:991445|0055-00001:PSH::VarName[calive],VarValue[240],Type[3],Desc[]
18:54:51:991449|0078-00001:PSH::VarName[ignore_daemon_object_collisions],VarValue[1],Type[3],Desc[]
18:54:51:991452|0060-00001:PSH::VarName[audit_enabled],VarValue[1],Type[3],Desc[]
18:54:51:991456|0062-00001:PSH::VarName[filebuffer],VarValue[131072],Type[3],Desc[]
18:54:51:991459|0061-00001:PSH::VarName[logsflushtime],VarValue[-1],Type[3],Desc[]
18:54:51:991463|0058-00001:PSH::VarName[mindiskfree],VarValue[0],Type[3],Desc[]
18:54:51:991467|0065-00001:PSH::VarName[deadlock_detection],VarValue[1],Type[3],Desc[]
18:54:51:991471|0062-00001:PSH::VarName[logsasyncwait],VarValue[200],Type[3],Desc[]
18:54:51:991474|0066-00001:PSH::VarName[keystore.client.path],VarValue[],Type[3],Desc[]
18:54:51:991478|0069-00001:PSH::VarName[eslib.high_load_factor],VarValue[2],Type[3],Desc[]
18:54:51:991481|0065-00001:PSH::VarName[tickdata.precision],VarValue[0],Type[3],Desc[]
18:54:51:991485|0062-00001:PSH::VarName[keystores_path],VarValue[.\],Type[3],Desc[]
18:54:51:991488|0053-00001:PSH::VarName[LOGSDIR],VarValue[],Type[3],Desc[]
18:54:51:991492|0063-00001:PSH::VarName[memoryalert.red],VarValue[50],Type[3],Desc[]
18:54:51:991496|0077-00001:PSH::VarName[object_collisions_report_time],VarValue[60],Type[3],Desc[]
18:54:51:991500|0049-00001:PSH::VarName[www],VarValue[],Type[3],Desc[]
18:54:51:991504|0060-00001:PSH::VarName[maxlogsize],VarValue[1024],Type[3],Desc[]
18:54:51:991508|0061-00001:PSH::VarName[logsbuffersize],VarValue[1],Type[3],Desc[]
18:54:51:991511|0062-00001:PSH::VarName[ent_reqtimeout],VarValue[60],Type[3],Desc[]
18:54:51:991515|0064-00001:PSH::VarName[COMPONENT],VarValue[MyCOOLApp],Type[1],Desc[]
18:54:51:991519|0055-00001:PSH::VarName[statime],VarValue[60],Type[3],Desc[]
18:54:51:991523|0070-00001:PSH::VarName[chain.contentsub.enable],VarValue[0],Type[3],Desc[]
18:54:51:991527|0059-00001:PSH::VarName[cidletimeout],VarValue[5],Type[3],Desc[]
18:54:51:991531|0081-00001:PSH::VarName[ignore_like_type_object_collisions],VarValue[1],Type[3],Desc[]
18:54:51:991534|0079-00001:PSH::VarName[data_dictionary.initial_size],VarValue[15000],Type[3],Desc[]
18:54:51:991538|0059-00001:PSH::VarName[logformat],VarValue[utf8],Type[3],Desc[]
18:54:51:991541|0066-00001:PSH::VarName[cpustat_threshold],VarValue[100],Type[3],Desc[]
18:54:51:991545|0055-00001:PSH::VarName[usemsecs],VarValue[1],Type[3],Desc[]
18:54:51:991548|0065-00001:PSH::VarName[eslib.custom_stats],VarValue[0],Type[3],Desc[]
18:54:51:991552|0061-00001:PSH::VarName[log_threshold],VarValue[10],Type[3],Desc[]
18:54:51:991555|0055-00001:PSH::VarName[rtdelay],VarValue[60],Type[3],Desc[]
18:54:51:991559|0061-00001:PSH::VarName[maxqueuesize],VarValue[128],Type[3],Desc[]
18:54:51:991562|0070-00001:PSH::VarName[audit_source],VarValue[AUDIT_SERVER],Type[3],Desc[]
18:54:51:991566|0056-00001:PSH::VarName[csretry],VarValue[300],Type[3],Desc[]
18:54:51:991570|0060-00001:PSH::VarName[dtblocksize],VarValue[256],Type[3],Desc[]
18:54:51:991574|0061-00001:PSH::VarName[drecorderownobj],VarValue[],Type[3],Desc[]
18:54:51:991577|0057-00001:PSH::VarName[maxdelay],VarValue[200],Type[3],Desc[]
18:54:51:991581|0082-00001:PSH::VarName[ultra_low_latency.driver_timeout],VarValue[5000],Type[3],Desc[]
18:54:51:991585|0063-00001:PSH::VarName[log_name],VarValue[MyCOOLApp],Type[3],Desc[]
18:54:51:991588|0058-00001:PSH::VarName[redirstderr],VarValue[1],Type[3],Desc[]
18:54:51:991591|0061-00001:PSH::VarName[security_level],VarValue[0],Type[3],Desc[]
18:54:51:991730|0080-00001:PSH::VarName[adaptlog.mindiskthroughput],VarValue[50000000],Type[3],Desc[]
18:54:51:991737|0058-00001:PSH::VarName[dlocalscript],VarValue[],Type[3],Desc[]
18:54:51:991740|0060-00001:PSH::VarName[audit_journal],VarValue[1],Type[3],Desc[]
18:54:51:991744|0081-00001:PSH::VarName[trace_dt],VarValue[10],Type[3],Desc[Data Transfer trace level]
18:54:51:991748|0060-00001:PSH::VarName[stack_on_stop],VarValue[0],Type[3],Desc[]
18:54:51:991752|0058-00001:PSH::VarName[dtflushtime],VarValue[2],Type[3],Desc[]
18:54:51:991755|0057-00001:PSH::VarName[dtsyncsend],VarValue[0],Type[3],Desc[]
18:54:51:991767|0070-00001:PSH::VarName[applicationlogsthreadid],VarValue[1],Type[3],Desc[]
18:54:51:991771|0066-00001:PSH::VarName[keystore.server.path],VarValue[],Type[3],Desc[]
18:54:51:991775|0060-00001:PSH::VarName[listenbacklog],VarValue[0],Type[3],Desc[]
18:54:51:991779|0058-00001:PSH::VarName[dinputscript],VarValue[],Type[3],Desc[]
18:54:51:991782|0063-00001:PSH::VarName[e2enative.enable],VarValue[1],Type[3],Desc[]
18:54:51:991786|0055-00001:PSH::VarName[dblogerr],VarValue[0],Type[3],Desc[]
18:54:51:991789|0058-00001:PSH::VarName[debug.supply],VarValue[],Type[3],Desc[]
18:54:51:991793|0058-00001:PSH::VarName[tcp_nodelay],VarValue[1],Type[3],Desc[]
18:54:51:991796|0062-00001:PSH::VarName[eslib.pool_size],VarValue[4],Type[3],Desc[]
18:54:51:991799|0052-00001:PSH::VarName[server],VarValue[],Type[3],Desc[]
18:54:51:991803|0060-00001:PSH::VarName[logsoutput],VarValue[file],Type[3],Desc[]
18:54:51:991806|0054-00001:PSH::VarName[wwwport],VarValue[0],Type[3],Desc[]
18:54:51:991811|0072-00001:PSH::VarName[publish_include_originator],VarValue[],Type[3],Desc[]
18:54:51:991815|0070-00001:PSH::VarName[adaptlog.maxsyncwait],VarValue[2000],Type[3],Desc[]
18:54:51:991819|0060-00001:PSH::VarName[MULTI_INSTANCE],VarValue[],Type[3],Desc[]
18:54:51:991823|0063-00001:PSH::VarName[USER],VarValue[avirat.sharma],Type[1],Desc[]
18:54:51:991827|0068-00001:PSH::VarName[debug],VarValue[100],Type[3],Desc[Trace on files]
18:54:51:991830|0061-00001:PSH::VarName[publish_exclude],VarValue[],Type[3],Desc[]
18:54:51:991834|0051-00001:PSH::VarName[DBDIR],VarValue[],Type[3],Desc[]
18:54:51:991838|0059-00001:PSH::VarName[userecordset],VarValue[0],Type[3],Desc[]
18:54:51:991841|0064-00001:PSH::VarName[ultra_low_latency],VarValue[0],Type[3],Desc[]
18:54:51:991845|0055-00001:PSH::VarName[ctimeout],VarValue[5],Type[3],Desc[]
18:54:51:991849|0057-00001:PSH::VarName[CSPORT],VarValue[13000],Type[1],Desc[]
18:54:51:991852|0055-00001:PSH::VarName[ENABLESSL],VarValue[],Type[3],Desc[]
18:54:52:039846|0071-00001:PSH::VarName[executor.core.pool_size],VarValue[-1],Type[3],Desc[]
18:54:52:041418|0075-00001:PSH::VarName[insight.metric_set.black_list],VarValue[],Type[3],Desc[]
18:54:52:041788|0085-00001:PSH::VarName[readiness.cluster_notification.enabled],VarValue[1],Type[3],Desc[]
18:54:52:041843|0080-00001:PSH::VarName[insight.prometheus.exporter.port],VarValue[-1],Type[3],Desc[]
18:54:52:041985|0092-00001:PSH::VarName[executor.monitoring.show_locked_synchronizers],VarValue[0],Type[3],Desc[]
18:54:52:042081|0083-00001:PSH::VarName[application_server.plugins_dir],VarValue[plugins],Type[3],Desc[]
18:54:52:042220|0076-00001:PSH::VarName[executor.core.keepalive_time],VarValue[-1],Type[3],Desc[]
18:54:52:042325|0081-00001:PSH::VarName[executor.monitoring.poll_interval],VarValue[60],Type[3],Desc[]
18:54:52:042387|0063-00001:PSH::VarName[source],VarValue[COOL_SOURCE],Type[1],Desc[]
18:54:52:042435|0074-00001:PSH::VarName[executor.monitoring.enabled],VarValue[1],Type[3],Desc[]
18:54:52:042477|0057-00001:PSH::VarName[currency],VarValue[ALL],Type[3],Desc[]
18:54:52:042522|0083-00001:PSH::VarName[executor.monitoring.dump_interval],VarValue[3600],Type[3],Desc[]
18:54:52:042615|0069-00001:PSH::VarName[resource_probe.enabled],VarValue[1],Type[3],Desc[]
18:54:52:042656|0060-00001:PSH::VarName[order.currency],VarValue[],Type[3],Desc[]
18:54:52:042763|0086-00001:PSH::VarName[executor.monitoring.warning_threshold],VarValue[120],Type[3],Desc[]
18:54:52:042892|0075-00001:PSH::VarName[executor.core.max_pool_size],VarValue[-1],Type[3],Desc[]
18:54:52:042947|0067-00001:PSH::VarName[order.rate.default],VarValue[1.2],Type[3],Desc[]
18:54:52:043063|0064-00001:PSH::VarName[readiness.enabled],VarValue[1],Type[3],Desc[]
18:54:52:043097|0062-00001:PSH::VarName[insight.enabled],VarValue[1],Type[3],Desc[]
18:54:52:043131|0074-00001:PSH::VarName[insight.file_export.enabled],VarValue[1],Type[3],Desc[]
18:55:51:159983|1096-00035:Pinfo Component {MyCOOLApp} Type {PUB} APIVersion {1.6.8-p8d7} ApplVersion {0.0.1} SysUtilsKind {win} NanoTimeKind {generic} FReq {60} PID {18404} MemSize {52142} MemPct {0.63} JVMVersion {17.0.12,Java HotSpot(TM) 64-Bit Server VM} JVMTotalMemory {516096} JVMFreeMemory {463953} JVMMaxTotalMemory {8249344} CPUTime {00:00:06:062} CPUAvg {5.81} CPUPeak {243.21} CPUPeakTime {18:54:52:156} Pub {0} PubLoc {0} SubRec {0} SubRecLoc {0} SubField {0} SubFieldLoc {0} SupRec {0} SupRecLoc {0} SupField {0} SupFieldLoc {0} UpdRec {0} UpdRecLoc {0} UpdField {0} UpdFieldLoc {0} UpdRecSub {0} MsgRecSnpRecv {0} MsgFieldSnpRecv {0} MsgRecSnpSent {0} MsgFieldSnpSent {0} MsgRecRecv {0} MsgFieldRecv {0} MsgRecSent {0} MsgFieldSent {0} pUpdRec {0} pUpdRecLoc {0} pUpdField {0} pUpdFieldLoc {0} pUpdRecSub {0} pMsgRecSnpRecv {0} pMsgFieldSnpRecv {0} pMsgRecSnpSent {0} pMsgFieldSnpSent {0} pMsgRecRecv {0} pMsgFieldRecv {0} pMsgRecSent {0} pMsgFieldSent {0} WLogBytes {90611} AvgIOTPut {110160} SyncLogWaitMsecs {0} SyncLogThreadsSus {0} LostLogTraces {0} ClientID {-1} PlatformID {-1} UTCOffset {+05:30}
18:55:51:160040|0123-00035:PSH::HWINFO arch {amd64} numproc {22} mem {32985808K} os {Windows 11} osversion {10.0} timezone {India Standard Time}
18:56:17:876887|0047-00031:APP: Application {INFO} Action {STOPPING}
18:56:17:885383|0052-00031:BOOT: Service Manager {INFO} Action {Stopping}
18:56:17:885439|0046-00031:APP: Application {INFO} Action {STOPPED}
