18:50:32:486045|0035-00001:PSH::Tinfo UTCOffset {+05:30}
18:50:32:486081|0063-00001:JAVA::PropertyName [java.version] PropertyValue [17.0.12]
18:50:32:486094|0073-00001:JAVA::PropertyName [java.vendor] PropertyValue [Oracle Corporation]
18:50:32:486102|0083-00001:JAVA::PropertyName [java.vendor.url] PropertyValue [https://java.oracle.com/]
18:50:32:486109|0081-00001:JAVA::PropertyName [java.home] PropertyValue [C:\Program Files\Java\jdk-17]
18:50:32:486115|0075-00001:JAVA::PropertyName [java.vm.specification.version] PropertyValue [17]
18:50:32:486120|0090-00001:JAVA::PropertyName [java.vm.specification.vendor] PropertyValue [Oracle Corporation]
18:50:32:486126|0104-00001:JAVA::PropertyName [java.vm.specification.name] PropertyValue [Java Virtual Machine Specification]
18:50:32:486131|0076-00001:JAVA::PropertyName [java.vm.version] PropertyValue [17.0.12+8-LTS-286]
18:50:32:486136|0076-00001:JAVA::PropertyName [java.vm.vendor] PropertyValue [Oracle Corporation]
18:50:32:486141|0089-00001:JAVA::PropertyName [java.vm.name] PropertyValue [Java HotSpot(TM) 64-Bit Server VM]
18:50:32:486146|0072-00001:JAVA::PropertyName [java.specification.version] PropertyValue [17]
18:50:32:486151|0087-00001:JAVA::PropertyName [java.specification.vendor] PropertyValue [Oracle Corporation]
18:50:32:486156|0098-00001:JAVA::PropertyName [java.specification.name] PropertyValue [Java Platform API Specification]
18:50:32:486165|0066-00001:JAVA::PropertyName [java.class.version] PropertyValue [61.0]
18:50:32:486176|9672-00001:JAVA::PropertyName [java.class.path] PropertyValue [C:\Users\avirat.sharma\OneDrive - ION\Desktop\Work\ION_2.0_Prac\LDP-2025\LDP-20225-project\target\classes;C:\Users\avirat.sharma\.m2\repository\com\iontrading\isf\modules\4.0.2\modules-4.0.2.jar;C:\Users\avirat.sharma\.m2\repository\com\iontrading\isf\modules_annotations\4.0.2\modules_annotations-4.0.2.jar;C:\Users\avirat.sharma\.m2\repository\com\google\inject\guice\7.0.0\guice-7.0.0.jar;C:\Users\avirat.sharma\.m2\repository\jakarta\inject\jakarta.inject-api\2.0.1\jakarta.inject-api-2.0.1.jar;C:\Users\avirat.sharma\.m2\repository\aopalliance\aopalliance\1.0\aopalliance-1.0.jar;C:\Users\avirat.sharma\.m2\repository\com\iontrading\cat\proguard_annotations\0.0.2\proguard_annotations-0.0.2.jar;C:\Users\avirat.sharma\.m2\repository\com\iontrading\isf\boot\4.0.2\boot-4.0.2.jar;C:\Users\avirat.sharma\.m2\repository\com\fasterxml\jackson\core\jackson-databind\2.17.2\jackson-databind-2.17.2.jar;C:\Users\avirat.sharma\.m2\repository\com\fasterxml\jackson\core\jackson-annotations\2.17.2\jackson-annotations-2.17.2.jar;C:\Users\avirat.sharma\.m2\repository\com\fasterxml\jackson\datatype\jackson-datatype-jsr310\2.17.2\jackson-datatype-jsr310-2.17.2.jar;C:\Users\avirat.sharma\.m2\repository\com\iontrading\isf\configuration_core\4.0.2\configuration_core-4.0.2.jar;C:\Users\avirat.sharma\.m2\repository\com\iontrading\xrs\xrs_lib\4.0.2\xrs_lib-4.0.2.jar;C:\Users\avirat.sharma\.m2\repository\com\iontrading\expr_parser\4.0.2\expr_parser-4.0.2.jar;C:\Users\avirat.sharma\.m2\repository\com\iontrading\mkv_wrappers\4.0.2\mkv_wrappers-4.0.2.jar;C:\Users\avirat.sharma\.m2\repository\com\iontrading\jmkv\1.6.8-p8d7\jmkv-1.6.8-p8d7.jar;C:\Users\avirat.sharma\.m2\repository\org\json\json\20231013\json-20231013.jar;C:\Users\avirat.sharma\.m2\repository\com\iontrading\jmix\jmix_logging\4.0.2\jmix_logging-4.0.2.jar;C:\Users\avirat.sharma\.m2\repository\com\iontrading\jmix\jmix_platform\4.0.2\jmix_platform-4.0.2.jar;C:\Users\avirat.sharma\.m2\repository\com\iontrading\isf\mapping\4.0.2\mapping-4.0.2.jar;C:\Users\avirat.sharma\.m2\repository\com\iontrading\isf\ion20-platform\4.0.2\ion20-platform-4.0.2.jar;C:\Users\avirat.sharma\.m2\repository\com\iontrading\cat\commons-jmkv\4.0.2\commons-jmkv-4.0.2.jar;C:\Users\avirat.sharma\.m2\repository\org\apache\commons\commons-lang3\3.17.0\commons-lang3-3.17.0.jar;C:\Users\avirat.sharma\.m2\repository\com\iontrading\cat\bigqueue\4.0.0\bigqueue-4.0.0.jar;C:\Users\avirat.sharma\.m2\repository\com\iontrading\isf\statistics_monitoring\4.0.2\statistics_monitoring-4.0.2.jar;C:\Users\avirat.sharma\.m2\repository\com\iontrading\isf\xrs_talk_helper\4.0.2\xrs_talk_helper-4.0.2.jar;C:\Users\avirat.sharma\.m2\repository\com\iontrading\isf\commons\4.0.2\commons-4.0.2.jar;C:\Users\avirat.sharma\.m2\repository\com\iontrading\isf\persistence\4.0.2\persistence-4.0.2.jar;C:\Users\avirat.sharma\.m2\repository\com\iontrading\jmix\jmix_persistence\4.0.2\jmix_persistence-4.0.2.jar;C:\Users\avirat.sharma\.m2\repository\org\hibernate\orm\hibernate-c3p0\6.4.4.Final\hibernate-c3p0-6.4.4.Final.jar;C:\Users\avirat.sharma\.m2\repository\org\jboss\logging\jboss-logging\3.5.0.Final\jboss-logging-3.5.0.Final.jar;C:\Users\avirat.sharma\.m2\repository\com\mchange\c3p0\0.9.5.5\c3p0-0.9.5.5.jar;C:\Users\avirat.sharma\.m2\repository\com\mchange\mchange-commons-java\0.2.19\mchange-commons-java-0.2.19.jar;C:\Users\avirat.sharma\.m2\repository\org\hibernate\orm\hibernate-core\6.4.4.Final\hibernate-core-6.4.4.Final.jar;C:\Users\avirat.sharma\.m2\repository\jakarta\transaction\jakarta.transaction-api\2.0.1\jakarta.transaction-api-2.0.1.jar;C:\Users\avirat.sharma\.m2\repository\org\hibernate\common\hibernate-commons-annotations\6.0.6.Final\hibernate-commons-annotations-6.0.6.Final.jar;C:\Users\avirat.sharma\.m2\repository\io\smallrye\jandex\3.1.2\jandex-3.1.2.jar;C:\Users\avirat.sharma\.m2\repository\com\fasterxml\classmate\1.5.1\classmate-1.5.1.jar;C:\Users\avirat.sharma\.m2\repository\net\bytebuddy\byte-buddy\1.14.11\byte-buddy-1.14.11.jar;C:\Users\avirat.sharma\.m2\repository\jakarta\xml\bind\jakarta.xml.bind-api\4.0.0\jakarta.xml.bind-api-4.0.0.jar;C:\Users\avirat.sharma\.m2\repository\jakarta\activation\jakarta.activation-api\2.1.0\jakarta.activation-api-2.1.0.jar;C:\Users\avirat.sharma\.m2\repository\org\glassfish\jaxb\jaxb-runtime\4.0.2\jaxb-runtime-4.0.2.jar;C:\Users\avirat.sharma\.m2\repository\org\glassfish\jaxb\jaxb-core\4.0.2\jaxb-core-4.0.2.jar;C:\Users\avirat.sharma\.m2\repository\org\eclipse\angus\angus-activation\2.0.0\angus-activation-2.0.0.jar;C:\Users\avirat.sharma\.m2\repository\org\glassfish\jaxb\txw2\4.0.2\txw2-4.0.2.jar;C:\Users\avirat.sharma\.m2\repository\com\sun\istack\istack-commons-runtime\4.1.1\istack-commons-runtime-4.1.1.jar;C:\Users\avirat.sharma\.m2\repository\org\antlr\antlr4-runtime\4.13.0\antlr4-runtime-4.13.0.jar;C:\Users\avirat.sharma\.m2\repository\com\iontrading\talk\talk.api\4.0.2\talk.api-4.0.2.jar;C:\Users\avirat.sharma\.m2\repository\com\iontrading\isf\repository\4.0.2\repository-4.0.2.jar;C:\Users\avirat.sharma\.m2\repository\com\iontrading\talk\talk.metadata\4.0.2\talk.metadata-4.0.2.jar;C:\Users\avirat.sharma\.m2\repository\com\iontrading\talk\talk.metadata.api\4.0.2\talk.metadata.api-4.0.2.jar;C:\Users\avirat.sharma\.m2\repository\com\iontrading\talk\talk.common\4.0.2\talk.common-4.0.2.jar;C:\Users\avirat.sharma\.m2\repository\com\iontrading\talk\talk.convert\4.0.2\talk.convert-4.0.2.jar;C:\Users\avirat.sharma\.m2\repository\com\iontrading\isf\ion20-xrs_lib_tools\4.0.2\ion20-xrs_lib_tools-4.0.2.jar;C:\Users\avirat.sharma\.m2\repository\com\iontrading\isf\persistence_notification\4.0.2\persistence_notification-4.0.2.jar;C:\Users\avirat.sharma\.m2\repository\com\iontrading\isf\ion20-ape\4.0.2\ion20-ape-4.0.2.jar;C:\Users\avirat.sharma\.m2\repository\jakarta\persistence\jakarta.persistence-api\3.1.0\jakarta.persistence-api-3.1.0.jar;C:\Users\avirat.sharma\.m2\repository\com\iontrading\cat\ddm\4.0.2\ddm-4.0.2.jar;C:\Users\avirat.sharma\.m2\repository\jakarta\annotation\jakarta.annotation-api\2.1.1\jakarta.annotation-api-2.1.1.jar;C:\Users\avirat.sharma\.m2\repository\com\google\inject\extensions\guice-assistedinject\7.0.0\guice-assistedinject-7.0.0.jar;C:\Users\avirat.sharma\.m2\repository\com\google\errorprone\error_prone_annotations\2.18.0\error_prone_annotations-2.18.0.jar;C:\Users\avirat.sharma\.m2\repository\org\apache\commons\commons-text\1.12.0\commons-text-1.12.0.jar;C:\Users\avirat.sharma\.m2\repository\com\iontrading\isf\xrs_paging_helper\4.0.2\xrs_paging_helper-4.0.2.jar;C:\Users\avirat.sharma\.m2\repository\com\iontrading\isf\application_server\4.0.2\application_server-4.0.2.jar;C:\Users\avirat.sharma\.m2\repository\com\iontrading\isf\as_plugin_api\4.0.2\as_plugin_api-4.0.2.jar;C:\Users\avirat.sharma\.m2\repository\com\iontrading\isf\service_manager\4.0.2\service_manager-4.0.2.jar;C:\Users\avirat.sharma\.m2\repository\com\iontrading\cat\insight\4.0.2\insight-4.0.2.jar;C:\Users\avirat.sharma\.m2\repository\org\apache\commons\commons-math3\3.6.1\commons-math3-3.6.1.jar;C:\Users\avirat.sharma\.m2\repository\com\fasterxml\jackson\core\jackson-core\2.17.2\jackson-core-2.17.2.jar;C:\Users\avirat.sharma\.m2\repository\com\iontrading\isf\dependency_manager\4.0.2\dependency_manager-4.0.2.jar;C:\Users\avirat.sharma\.m2\repository\com\iontrading\talk\talk.ionbus\4.0.2\talk.ionbus-4.0.2.jar;C:\Users\avirat.sharma\.m2\repository\com\iontrading\isf\commons-bus\4.0.2\commons-bus-4.0.2.jar;C:\Users\avirat.sharma\.m2\repository\com\google\guava\guava\33.3.0-jre\guava-33.3.0-jre.jar;C:\Users\avirat.sharma\.m2\repository\com\google\guava\failureaccess\1.0.2\failureaccess-1.0.2.jar;C:\Users\avirat.sharma\.m2\repository\com\google\guava\listenablefuture\9999.0-empty-to-avoid-conflict-with-guava\listenablefuture-9999.0-empty-to-avoid-conflict-with-guava.jar;C:\Users\avirat.sharma\.m2\repository\com\google\code\findbugs\jsr305\3.0.1\jsr305-3.0.1.jar;C:\Users\avirat.sharma\.m2\repository\org\checkerframework\checker-qual\3.43.0\checker-qual-3.43.0.jar;C:\Users\avirat.sharma\.m2\repository\com\google\j2objc\j2objc-annotations\3.0.0\j2objc-annotations-3.0.0.jar;C:\Users\avirat.sharma\.m2\repository\com\iontrading\isf\conversion\4.0.2\conversion-4.0.2.jar;C:\Users\avirat.sharma\.m2\repository\com\iontrading\isf\workflow_engine\4.0.2\workflow_engine-4.0.2.jar;C:\Users\avirat.sharma\.m2\repository\org\reflections\reflections\0.10.2\reflections-0.10.2.jar;C:\Users\avirat.sharma\.m2\repository\org\javassist\javassist\3.30.2-GA\javassist-3.30.2-GA.jar;C:\Users\avirat.sharma\.m2\repository\com\iontrading\isf\configuration\4.0.2\configuration-4.0.2.jar;C:\Users\avirat.sharma\.m2\repository\com\iontrading\isf\metadata\4.0.2\metadata-4.0.2.jar;C:\Users\avirat.sharma\.m2\repository\com\iontrading\isf\tracing\4.0.2\tracing-4.0.2.jar;C:\Users\avirat.sharma\.m2\repository\com\iontrading\isf\slf4j-jmkv\4.0.2\slf4j-jmkv-4.0.2.jar;C:\Users\avirat.sharma\.m2\repository\org\slf4j\slf4j-api\2.0.16\slf4j-api-2.0.16.jar;C:\Users\avirat.sharma\.m2\repository\com\iontrading\isf\concurrent\4.0.2\concurrent-4.0.2.jar;C:\Users\avirat.sharma\.m2\repository\commons-io\commons-io\2.17.0\commons-io-2.17.0.jar;C:\Users\avirat.sharma\.m2\repository\com\esotericsoftware\kryo\5.5.0\kryo-5.5.0.jar;C:\Users\avirat.sharma\.m2\repository\com\esotericsoftware\reflectasm\1.11.9\reflectasm-1.11.9.jar;C:\Users\avirat.sharma\.m2\repository\com\esotericsoftware\minlog\1.3.1\minlog-1.3.1.jar;C:\Users\avirat.sharma\.m2\repository\org\objenesis\objenesis\3.3\objenesis-3.3.jar;C:\Users\avirat.sharma\.m2\repository\org\apache\commons\commons-collections4\4.4\commons-collections4-4.4.jar]
18:50:32:486252|1253-00001:JAVA::PropertyName [java.library.path] PropertyValue [C:\Program Files\Java\jdk-17\bin;C:\WINDOWS\Sun\Java\bin;C:\WINDOWS\system32;C:\WINDOWS;C:\Python313\Scripts\;C:\Python313\;C:\Program Files\Common Files\Oracle\Java\javapath;C:\Program Files (x86)\Common Files\Oracle\Java\java8path;C:\Program Files (x86)\Common Files\Oracle\Java\javapath;C:\Program Files\Eclipse Adoptium\jdk-21.0.6.7-hotspot\bin;C:\WINDOWS\system32;C:\WINDOWS;C:\WINDOWS\System32\Wbem;C:\WINDOWS\System32\WindowsPowerShell\v1.0\;C:\WINDOWS\System32\OpenSSH\;C:\Program Files\dotnet\;C:\Program Files\Microsoft VS Code\bin;C:\Program Files\Git\cmd;C:\Program Files\PowerShell\7\;C:\Users\avirat.sharma\OneDrive - ION\Desktop\Work\terraform_1.10.5_windows_amd64\terraform.exe;C:\Program Files\Amazon\AWSCLIV2\;C:\Users\avirat.sharma\OneDrive - ION\Desktop\Work\apache-maven-3.9.9-bin\apache-maven-3.9.9\bin;C:\Program Files\Java\jdk-23\bin;C:\Program Files\nodejs\;C:\ProgramData\chocolatey\bin;C:\Users\avirat.sharma\AppData\Roaming\Python\Python313\Scripts;C:\Users\avirat.sharma\AppData\Local\Microsoft\WindowsApps;C:\Users\avirat.sharma\AppData\Local\GitHubDesktop\bin;C:\Program Files\JetBrains\IntelliJ IDEA 2024.3.2.2\bin;;C:\Users\avirat.sharma\AppData\Roaming\npm;.]
18:50:32:486266|0099-00001:JAVA::PropertyName [java.io.tmpdir] PropertyValue [C:\Users\AVIRAT~1.SHA\AppData\Local\Temp\]
18:50:32:486281|0061-00001:JAVA::PropertyName [java.compiler] PropertyValue [null]
18:50:32:486288|0061-00001:JAVA::PropertyName [java.ext.dirs] PropertyValue [null]
18:50:32:486293|0061-00001:JAVA::PropertyName [os.name] PropertyValue [Windows 11]
18:50:32:486298|0056-00001:JAVA::PropertyName [os.arch] PropertyValue [amd64]
18:50:32:486302|0058-00001:JAVA::PropertyName [os.version] PropertyValue [10.0]
18:50:32:486307|0059-00001:JAVA::PropertyName [file.separator] PropertyValue [\]
18:50:32:486312|0059-00001:JAVA::PropertyName [path.separator] PropertyValue [;]
18:50:32:486317|0060-00001:JAVA::PropertyName [line.separator] PropertyValue [
]
18:50:32:486322|0066-00001:JAVA::PropertyName [user.name] PropertyValue [avirat.sharma]
18:50:32:486327|0075-00001:JAVA::PropertyName [user.home] PropertyValue [C:\Users\avirat.sharma]
18:50:32:486332|0115-00001:JAVA::PropertyName [user.dir] PropertyValue [C:\Users\avirat.sharma\OneDrive - ION\Desktop\Work\ION_2.0_Prac]
18:50:32:486498|0221-00001:JAVA::PropertyName [command_line] PropertyValue [[-javaagent:C:\Program Files\JetBrains\IntelliJ IDEA 2024.3.2.2\lib\idea_rt.jar=57021:C:\Program Files\JetBrains\IntelliJ IDEA 2024.3.2.2\bin, -Dfile.encoding=UTF-8]]
18:50:32:486531|0068-00001:PSH::VarName[eslib.low_load_factor],VarValue[1],Type[3],Desc[]
18:50:32:486546|0076-00001:PSH::VarName[registerclientprotocolversion],VarValue[4],Type[3],Desc[]
18:50:32:486555|0056-00001:PSH::VarName[logsasync],VarValue[1],Type[3],Desc[]
18:50:32:486562|0061-00001:PSH::VarName[logcustomstats],VarValue[1],Type[3],Desc[]
18:50:32:486568|0067-00001:PSH::VarName[publishonlyrecordset],VarValue[0],Type[3],Desc[]
18:50:32:486574|0061-00001:PSH::VarName[CSHOST],VarValue[localhost],Type[3],Desc[]
18:50:32:486579|0058-00001:PSH::VarName[negtimeout],VarValue[16],Type[3],Desc[]
18:50:32:486584|0063-00001:PSH::VarName[winnative.enable],VarValue[1],Type[3],Desc[]
18:50:32:486590|0063-00001:PSH::VarName[traces.broadcast],VarValue[1],Type[3],Desc[]
18:50:32:486595|0056-00001:PSH::VarName[ent_source],VarValue[],Type[3],Desc[]
18:50:32:486601|0072-00001:PSH::VarName[publish_exclude_originator],VarValue[],Type[3],Desc[]
18:50:32:486607|0053-00001:PSH::VarName[LISTEN],VarValue[0],Type[3],Desc[]
18:50:32:486613|0061-00001:PSH::VarName[publish_include],VarValue[],Type[3],Desc[]
18:50:32:486618|0061-00001:PSH::VarName[drecorderscript],VarValue[],Type[3],Desc[]
18:50:32:486624|0064-00001:PSH::VarName[resolve_hostnames],VarValue[0],Type[3],Desc[]
18:50:32:486823|0058-00001:PSH::VarName[statime_sub],VarValue[1],Type[3],Desc[]
18:50:32:486837|0060-00001:PSH::VarName[dtflowcontrol],VarValue[1],Type[3],Desc[]
18:50:32:486846|0075-00001:PSH::VarName[connection_failure_threshold],VarValue[5],Type[3],Desc[]
18:50:32:486854|0061-00001:PSH::VarName[drecorderextobj],VarValue[],Type[3],Desc[]
18:50:32:486860|0061-00001:PSH::VarName[log_threadname],VarValue[0],Type[3],Desc[]
18:50:32:486866|0067-00001:PSH::VarName[full_unicode_support],VarValue[1],Type[3],Desc[]
18:50:32:486872|0065-00001:PSH::VarName[memoryalert.amber],VarValue[45],Type[3],Desc[]
18:50:32:486878|0055-00001:PSH::VarName[logsdays],VarValue[2],Type[3],Desc[]
18:50:32:486883|0057-00001:PSH::VarName[dtblocking],VarValue[1],Type[3],Desc[]
18:50:32:486889|0090-00001:PSH::VarName[debug.eslib],VarValue[1],Type[3],Desc[Trace for ESLib queries on files]
18:50:32:486895|0056-00001:PSH::VarName[gctrace],VarValue[all],Type[3],Desc[]
18:50:32:486900|0061-00001:PSH::VarName[tcp_buffer],VarValue[65536],Type[3],Desc[]
18:50:32:486906|0059-00001:PSH::VarName[syscomponent],VarValue[0],Type[3],Desc[]
18:50:32:487022|0059-00001:PSH::VarName[MONITOR_PORT],VarValue[0],Type[3],Desc[]
18:50:32:487032|0055-00001:PSH::VarName[calive],VarValue[240],Type[3],Desc[]
18:50:32:487039|0078-00001:PSH::VarName[ignore_daemon_object_collisions],VarValue[1],Type[3],Desc[]
18:50:32:487045|0060-00001:PSH::VarName[audit_enabled],VarValue[1],Type[3],Desc[]
18:50:32:487051|0062-00001:PSH::VarName[filebuffer],VarValue[131072],Type[3],Desc[]
18:50:32:487057|0061-00001:PSH::VarName[logsflushtime],VarValue[-1],Type[3],Desc[]
18:50:32:487106|0058-00001:PSH::VarName[mindiskfree],VarValue[0],Type[3],Desc[]
18:50:32:487127|0065-00001:PSH::VarName[deadlock_detection],VarValue[1],Type[3],Desc[]
18:50:32:487139|0062-00001:PSH::VarName[logsasyncwait],VarValue[200],Type[3],Desc[]
18:50:32:487148|0066-00001:PSH::VarName[keystore.client.path],VarValue[],Type[3],Desc[]
18:50:32:487156|0069-00001:PSH::VarName[eslib.high_load_factor],VarValue[2],Type[3],Desc[]
18:50:32:487163|0065-00001:PSH::VarName[tickdata.precision],VarValue[0],Type[3],Desc[]
18:50:32:487170|0062-00001:PSH::VarName[keystores_path],VarValue[.\],Type[3],Desc[]
18:50:32:487175|0053-00001:PSH::VarName[LOGSDIR],VarValue[],Type[3],Desc[]
18:50:32:487182|0063-00001:PSH::VarName[memoryalert.red],VarValue[50],Type[3],Desc[]
18:50:32:487188|0077-00001:PSH::VarName[object_collisions_report_time],VarValue[60],Type[3],Desc[]
18:50:32:487194|0049-00001:PSH::VarName[www],VarValue[],Type[3],Desc[]
18:50:32:487199|0060-00001:PSH::VarName[maxlogsize],VarValue[1024],Type[3],Desc[]
18:50:32:487205|0061-00001:PSH::VarName[logsbuffersize],VarValue[1],Type[3],Desc[]
18:50:32:487210|0062-00001:PSH::VarName[ent_reqtimeout],VarValue[60],Type[3],Desc[]
18:50:32:487216|0062-00001:PSH::VarName[COMPONENT],VarValue[unknown],Type[3],Desc[]
18:50:32:487221|0055-00001:PSH::VarName[statime],VarValue[60],Type[3],Desc[]
18:50:32:487227|0070-00001:PSH::VarName[chain.contentsub.enable],VarValue[0],Type[3],Desc[]
18:50:32:487232|0059-00001:PSH::VarName[cidletimeout],VarValue[5],Type[3],Desc[]
18:50:32:487238|0081-00001:PSH::VarName[ignore_like_type_object_collisions],VarValue[1],Type[3],Desc[]
18:50:32:487244|0079-00001:PSH::VarName[data_dictionary.initial_size],VarValue[15000],Type[3],Desc[]
18:50:32:487249|0059-00001:PSH::VarName[logformat],VarValue[utf8],Type[3],Desc[]
18:50:32:487255|0066-00001:PSH::VarName[cpustat_threshold],VarValue[100],Type[3],Desc[]
18:50:32:487261|0055-00001:PSH::VarName[usemsecs],VarValue[1],Type[3],Desc[]
18:50:32:487266|0065-00001:PSH::VarName[eslib.custom_stats],VarValue[0],Type[3],Desc[]
18:50:32:487272|0061-00001:PSH::VarName[log_threshold],VarValue[10],Type[3],Desc[]
18:50:32:487277|0055-00001:PSH::VarName[rtdelay],VarValue[60],Type[3],Desc[]
18:50:32:487283|0061-00001:PSH::VarName[maxqueuesize],VarValue[128],Type[3],Desc[]
18:50:32:487288|0070-00001:PSH::VarName[audit_source],VarValue[AUDIT_SERVER],Type[3],Desc[]
18:50:32:487294|0056-00001:PSH::VarName[csretry],VarValue[300],Type[3],Desc[]
18:50:32:487299|0060-00001:PSH::VarName[dtblocksize],VarValue[256],Type[3],Desc[]
18:50:32:487305|0061-00001:PSH::VarName[drecorderownobj],VarValue[],Type[3],Desc[]
18:50:32:487311|0057-00001:PSH::VarName[maxdelay],VarValue[200],Type[3],Desc[]
18:50:32:487316|0082-00001:PSH::VarName[ultra_low_latency.driver_timeout],VarValue[5000],Type[3],Desc[]
18:50:32:487423|0061-00001:PSH::VarName[log_name],VarValue[unknown],Type[3],Desc[]
18:50:32:487435|0058-00001:PSH::VarName[redirstderr],VarValue[1],Type[3],Desc[]
18:50:32:487462|0061-00001:PSH::VarName[security_level],VarValue[0],Type[3],Desc[]
18:50:32:488000|0080-00001:PSH::VarName[adaptlog.mindiskthroughput],VarValue[50000000],Type[3],Desc[]
18:50:32:488041|0058-00001:PSH::VarName[dlocalscript],VarValue[],Type[3],Desc[]
18:50:32:488051|0060-00001:PSH::VarName[audit_journal],VarValue[1],Type[3],Desc[]
18:50:32:488059|0081-00001:PSH::VarName[trace_dt],VarValue[10],Type[3],Desc[Data Transfer trace level]
18:50:32:488140|0060-00001:PSH::VarName[stack_on_stop],VarValue[0],Type[3],Desc[]
18:50:32:488167|0058-00001:PSH::VarName[dtflushtime],VarValue[2],Type[3],Desc[]
18:50:32:488196|0057-00001:PSH::VarName[dtsyncsend],VarValue[0],Type[3],Desc[]
18:50:32:488206|0070-00001:PSH::VarName[applicationlogsthreadid],VarValue[1],Type[3],Desc[]
18:50:32:488212|0066-00001:PSH::VarName[keystore.server.path],VarValue[],Type[3],Desc[]
18:50:32:488217|0060-00001:PSH::VarName[listenbacklog],VarValue[0],Type[3],Desc[]
18:50:32:488223|0058-00001:PSH::VarName[dinputscript],VarValue[],Type[3],Desc[]
18:50:32:488228|0063-00001:PSH::VarName[e2enative.enable],VarValue[1],Type[3],Desc[]
18:50:32:488234|0055-00001:PSH::VarName[dblogerr],VarValue[0],Type[3],Desc[]
18:50:32:488241|0058-00001:PSH::VarName[debug.supply],VarValue[],Type[3],Desc[]
18:50:32:488247|0058-00001:PSH::VarName[tcp_nodelay],VarValue[1],Type[3],Desc[]
18:50:32:488252|0062-00001:PSH::VarName[eslib.pool_size],VarValue[4],Type[3],Desc[]
18:50:32:488257|0052-00001:PSH::VarName[server],VarValue[],Type[3],Desc[]
18:50:32:488262|0060-00001:PSH::VarName[logsoutput],VarValue[file],Type[3],Desc[]
18:50:32:488268|0054-00001:PSH::VarName[wwwport],VarValue[0],Type[3],Desc[]
18:50:32:488273|0072-00001:PSH::VarName[publish_include_originator],VarValue[],Type[3],Desc[]
18:50:32:488279|0070-00001:PSH::VarName[adaptlog.maxsyncwait],VarValue[2000],Type[3],Desc[]
18:50:32:488284|0060-00001:PSH::VarName[MULTI_INSTANCE],VarValue[],Type[3],Desc[]
18:50:32:488289|0057-00001:PSH::VarName[USER],VarValue[unknown],Type[3],Desc[]
18:50:32:488294|0068-00001:PSH::VarName[debug],VarValue[100],Type[3],Desc[Trace on files]
18:50:32:488300|0061-00001:PSH::VarName[publish_exclude],VarValue[],Type[3],Desc[]
18:50:32:488331|0051-00001:PSH::VarName[DBDIR],VarValue[],Type[3],Desc[]
18:50:32:488348|0059-00001:PSH::VarName[userecordset],VarValue[0],Type[3],Desc[]
18:50:32:488357|0064-00001:PSH::VarName[ultra_low_latency],VarValue[0],Type[3],Desc[]
18:50:32:488365|0055-00001:PSH::VarName[ctimeout],VarValue[5],Type[3],Desc[]
18:50:32:488420|0057-00001:PSH::VarName[CSPORT],VarValue[13000],Type[3],Desc[]
18:50:32:488434|0055-00001:PSH::VarName[ENABLESSL],VarValue[],Type[3],Desc[]
18:50:32:542499|0076-00001:PSH::VarName[executor.core.keepalive_time],VarValue[-1],Type[3],Desc[]
18:50:32:545966|0069-00001:PSH::VarName[resource_probe.enabled],VarValue[1],Type[3],Desc[]
18:50:32:546114|0074-00001:PSH::VarName[executor.monitoring.enabled],VarValue[1],Type[3],Desc[]
18:50:32:546157|0067-00001:PSH::VarName[order.rate.default],VarValue[1.2],Type[3],Desc[]
18:50:32:546332|0062-00001:PSH::VarName[insight.enabled],VarValue[1],Type[3],Desc[]
18:50:32:546588|0083-00001:PSH::VarName[application_server.plugins_dir],VarValue[plugins],Type[3],Desc[]
18:50:32:546695|0075-00001:PSH::VarName[executor.core.max_pool_size],VarValue[-1],Type[3],Desc[]
18:50:32:546791|0086-00001:PSH::VarName[executor.monitoring.warning_threshold],VarValue[120],Type[3],Desc[]
18:50:32:546837|0080-00001:PSH::VarName[insight.prometheus.exporter.port],VarValue[-1],Type[3],Desc[]
18:50:32:547026|0081-00001:PSH::VarName[executor.monitoring.poll_interval],VarValue[60],Type[3],Desc[]
18:50:32:547107|0058-00001:PSH::VarName[source],VarValue[SOURCE],Type[3],Desc[]
18:50:32:547148|0092-00001:PSH::VarName[executor.monitoring.show_locked_synchronizers],VarValue[0],Type[3],Desc[]
18:50:32:547319|0071-00001:PSH::VarName[executor.core.pool_size],VarValue[-1],Type[3],Desc[]
18:50:32:547353|0083-00001:PSH::VarName[executor.monitoring.dump_interval],VarValue[3600],Type[3],Desc[]
18:50:32:547385|0057-00001:PSH::VarName[currency],VarValue[ALL],Type[3],Desc[]
18:50:32:547789|0064-00001:PSH::VarName[readiness.enabled],VarValue[1],Type[3],Desc[]
18:50:32:547864|0060-00001:PSH::VarName[order.currency],VarValue[],Type[3],Desc[]
18:50:32:547903|0085-00001:PSH::VarName[readiness.cluster_notification.enabled],VarValue[1],Type[3],Desc[]
18:50:32:547939|0074-00001:PSH::VarName[insight.file_export.enabled],VarValue[1],Type[3],Desc[]
18:50:32:547983|0075-00001:PSH::VarName[insight.metric_set.black_list],VarValue[],Type[3],Desc[]
18:51:31:613305|1093-00035:Pinfo Component {unknown} Type {PUB} APIVersion {1.6.8-p8d7} ApplVersion {0.0.1} SysUtilsKind {win} NanoTimeKind {generic} FReq {60} PID {29464} MemSize {41182} MemPct {0.5} JVMVersion {17.0.12,Java HotSpot(TM) 64-Bit Server VM} JVMTotalMemory {516096} JVMFreeMemory {474913} JVMMaxTotalMemory {8249344} CPUTime {00:00:04:953} CPUAvg {4.35} CPUPeak {278.57} CPUPeakTime {18:50:31:605} Pub {0} PubLoc {0} SubRec {0} SubRecLoc {0} SubField {0} SubFieldLoc {0} SupRec {0} SupRecLoc {0} SupField {0} SupFieldLoc {0} UpdRec {0} UpdRecLoc {0} UpdField {0} UpdFieldLoc {0} UpdRecSub {0} MsgRecSnpRecv {0} MsgFieldSnpRecv {0} MsgRecSnpSent {0} MsgFieldSnpSent {0} MsgRecRecv {0} MsgFieldRecv {0} MsgRecSent {0} MsgFieldSent {0} pUpdRec {0} pUpdRecLoc {0} pUpdField {0} pUpdFieldLoc {0} pUpdRecSub {0} pMsgRecSnpRecv {0} pMsgFieldSnpRecv {0} pMsgRecSnpSent {0} pMsgFieldSnpSent {0} pMsgRecRecv {0} pMsgFieldRecv {0} pMsgRecSent {0} pMsgFieldSent {0} WLogBytes {87624} AvgIOTPut {242704} SyncLogWaitMsecs {0} SyncLogThreadsSus {0} LostLogTraces {0} ClientID {-1} PlatformID {-1} UTCOffset {+05:30}
18:51:31:613355|0123-00035:PSH::HWINFO arch {amd64} numproc {22} mem {32985808K} os {Windows 11} osversion {10.0} timezone {India Standard Time}
18:52:31:618454|1089-00035:Pinfo Component {unknown} Type {PUB} APIVersion {1.6.8-p8d7} ApplVersion {0.0.1} SysUtilsKind {win} NanoTimeKind {generic} FReq {60} PID {29464} MemSize {41454} MemPct {0.5} JVMVersion {17.0.12,Java HotSpot(TM) 64-Bit Server VM} JVMTotalMemory {516096} JVMFreeMemory {474641} JVMMaxTotalMemory {8249344} CPUTime {00:00:05:343} CPUAvg {0.65} CPUPeak {4.6} CPUPeakTime {18:52:12:684} Pub {0} PubLoc {0} SubRec {0} SubRecLoc {0} SubField {0} SubFieldLoc {0} SupRec {0} SupRecLoc {0} SupField {0} SupFieldLoc {0} UpdRec {0} UpdRecLoc {0} UpdField {0} UpdFieldLoc {0} UpdRecSub {0} MsgRecSnpRecv {0} MsgFieldSnpRecv {0} MsgRecSnpSent {0} MsgFieldSnpSent {0} MsgRecRecv {0} MsgFieldRecv {0} MsgRecSent {0} MsgFieldSent {0} pUpdRec {0} pUpdRecLoc {0} pUpdField {0} pUpdFieldLoc {0} pUpdRecSub {0} pMsgRecSnpRecv {0} pMsgFieldSnpRecv {0} pMsgRecSnpSent {0} pMsgFieldSnpSent {0} pMsgRecRecv {0} pMsgFieldRecv {0} pMsgRecSent {0} pMsgFieldSent {0} WLogBytes {19173} AvgIOTPut {53488} SyncLogWaitMsecs {0} SyncLogThreadsSus {0} LostLogTraces {0} ClientID {-1} PlatformID {-1} UTCOffset {+05:30}
18:52:31:618677|0123-00035:PSH::HWINFO arch {amd64} numproc {22} mem {32985808K} os {Windows 11} osversion {10.0} timezone {India Standard Time}
18:53:31:623451|1090-00035:Pinfo Component {unknown} Type {PUB} APIVersion {1.6.8-p8d7} ApplVersion {0.0.1} SysUtilsKind {win} NanoTimeKind {generic} FReq {60} PID {29464} MemSize {41818} MemPct {0.51} JVMVersion {17.0.12,Java HotSpot(TM) 64-Bit Server VM} JVMTotalMemory {516096} JVMFreeMemory {474277} JVMMaxTotalMemory {8249344} CPUTime {00:00:05:781} CPUAvg {0.73} CPUPeak {4.6} CPUPeakTime {18:52:53:714} Pub {0} PubLoc {0} SubRec {0} SubRecLoc {0} SubField {0} SubFieldLoc {0} SupRec {0} SupRecLoc {0} SupField {0} SupFieldLoc {0} UpdRec {0} UpdRecLoc {0} UpdField {0} UpdFieldLoc {0} UpdRecSub {0} MsgRecSnpRecv {0} MsgFieldSnpRecv {0} MsgRecSnpSent {0} MsgFieldSnpSent {0} MsgRecRecv {0} MsgFieldRecv {0} MsgRecSent {0} MsgFieldSent {0} pUpdRec {0} pUpdRecLoc {0} pUpdField {0} pUpdFieldLoc {0} pUpdRecSub {0} pMsgRecSnpRecv {0} pMsgFieldSnpRecv {0} pMsgRecSnpSent {0} pMsgFieldSnpSent {0} pMsgRecRecv {0} pMsgFieldRecv {0} pMsgRecSent {0} pMsgFieldSent {0} WLogBytes {17283} AvgIOTPut {69280} SyncLogWaitMsecs {0} SyncLogThreadsSus {0} LostLogTraces {0} ClientID {-1} PlatformID {-1} UTCOffset {+05:30}
18:53:31:623503|0123-00035:PSH::HWINFO arch {amd64} numproc {22} mem {32985808K} os {Windows 11} osversion {10.0} timezone {India Standard Time}
18:54:31:626220|1090-00035:Pinfo Component {unknown} Type {PUB} APIVersion {1.6.8-p8d7} ApplVersion {0.0.1} SysUtilsKind {win} NanoTimeKind {generic} FReq {60} PID {29464} MemSize {41999} MemPct {0.51} JVMVersion {17.0.12,Java HotSpot(TM) 64-Bit Server VM} JVMTotalMemory {516096} JVMFreeMemory {474096} JVMMaxTotalMemory {8249344} CPUTime {00:00:06:125} CPUAvg {0.57} CPUPeak {3.1} CPUPeakTime {18:53:56:756} Pub {0} PubLoc {0} SubRec {0} SubRecLoc {0} SubField {0} SubFieldLoc {0} SupRec {0} SupRecLoc {0} SupField {0} SupFieldLoc {0} UpdRec {0} UpdRecLoc {0} UpdField {0} UpdFieldLoc {0} UpdRecSub {0} MsgRecSnpRecv {0} MsgFieldSnpRecv {0} MsgRecSnpSent {0} MsgFieldSnpSent {0} MsgRecRecv {0} MsgFieldRecv {0} MsgRecSent {0} MsgFieldSent {0} pUpdRec {0} pUpdRecLoc {0} pUpdField {0} pUpdFieldLoc {0} pUpdRecSub {0} pMsgRecSnpRecv {0} pMsgFieldSnpRecv {0} pMsgRecSnpSent {0} pMsgFieldSnpSent {0} pMsgRecRecv {0} pMsgFieldRecv {0} pMsgRecSent {0} pMsgFieldSent {0} WLogBytes {17286} AvgIOTPut {61199} SyncLogWaitMsecs {0} SyncLogThreadsSus {0} LostLogTraces {0} ClientID {-1} PlatformID {-1} UTCOffset {+05:30}
18:54:31:626295|0123-00035:PSH::HWINFO arch {amd64} numproc {22} mem {32985808K} os {Windows 11} osversion {10.0} timezone {India Standard Time}
18:54:47:738569|0047-00031:APP: Application {INFO} Action {STOPPING}
18:54:47:750711|0052-00031:BOOT: Service Manager {INFO} Action {Stopping}
18:54:47:750783|0046-00031:APP: Application {INFO} Action {STOPPED}
